● Video  --vid=1               (h264 1432x1080 29.97 fps) [default]
● Audio  --aid=1  --alang=hin  (aac 2ch 48000 Hz 131 kbps) [default]
File tags:
 Title: Visit & Support - Vegamovies.to
AO: [wasapi] 48000Hz stereo 2ch float
VO: [gpu] 1432x1080 yuv420p
AV: 00:00:00 / 00:23:37 (0%) A-V:  0.000 Cache: 11s/2MB
AV: 00:00:00 / 00:23:37 (0%) A-V: -0.033 Cache: 11s/2MB
AV: 00:00:00 / 00:23:37 (0%) A-V: -0.030 Cache: 12s/3MB
AV: 00:00:00 / 00:23:37 (0%) A-V: -0.027 Cache: 12s/3MB
AV: 00:00:00 / 00:23:37 (0%) A-V: -0.024 Cache: 13s/3MB
AV: 00:00:00 / 00:23:37 (0%) A-V: -0.021 Cache: 14s/3MB
AV: 00:00:00 / 00:23:37 (0%) A-V: -0.020 Cache: 15s/4MB
AV: 00:00:00 / 00:23:37 (0%) A-V: -0.018 Cache: 16s/4MB
AV: 00:00:00 / 00:23:37 (0%) A-V: -0.016 Cache: 16s/4MB
AV: 00:00:00 / 00:23:37 (0%) A-V: -0.014 Cache: 17s/4MB
AV: 00:00:00 / 00:23:37 (0%) A-V: -0.013 Cache: 18s/5MB
AV: 00:00:00 / 00:23:37 (0%) A-V: -0.012 Cache: 18s/5MB
AV: 00:00:00 / 00:23:37 (0%) A-V: -0.010 Cache: 19s/5MB
AV: 00:00:00 / 00:23:37 (0%) A-V: -0.009 Cache: 19s/5MB
AV: 00:00:00 / 00:23:37 (0%) A-V: -0.008 Cache: 20s/5MB
AV: 00:00:00 / 00:23:37 (0%) A-V: -0.008 Cache: 21s/6MB
AV: 00:00:00 / 00:23:37 (0%) A-V: -0.007 Cache: 21s/6MB
AV: 00:00:00 / 00:23:37 (0%) A-V: -0.006 Cache: 23s/6MB
AV: 00:00:00 / 00:23:37 (0%) A-V: -0.006 Cache: 24s/6MB
AV: 00:00:00 / 00:23:37 (0%) A-V: -0.005 Cache: 25s/7MB
AV: 00:00:00 / 00:23:37 (0%) A-V: -0.004 Cache: 27s/7MB
AV: 00:00:00 / 00:23:37 (0%) A-V: -0.004 Cache: 28s/7MB
AV: 00:00:00 / 00:23:37 (0%) A-V: -0.003 Cache: 29s/8MB
AV: 00:00:00 / 00:23:37 (0%) A-V: -0.003 Cache: 30s/8MB
AV: 00:00:00 / 00:23:37 (0%) A-V: -0.003 Cache: 31s/8MB
AV: 00:00:00 / 00:23:37 (0%) A-V: -0.002 Cache: 32s/8MB
AV: 00:00:00 / 00:23:37 (0%) A-V: -0.002 Cache: 32s/9MB
AV: 00:00:00 / 00:23:37 (0%) A-V: -0.002 Cache: 33s/9MB
AV: 00:00:00 / 00:23:37 (0%) A-V: -0.002 Cache: 34s/9MB
AV: 00:00:01 / 00:23:37 (0%) A-V: -0.002 Cache: 35s/9MB
AV: 00:00:01 / 00:23:37 (0%) A-V: -0.001 Cache: 36s/9MB
AV: 00:00:01 / 00:23:37 (0%) A-V: -0.001 Cache: 37s/10MB
AV: 00:00:01 / 00:23:37 (0%) A-V: -0.001 Cache: 38s/10MB
AV: 00:00:01 / 00:23:37 (0%) A-V: -0.001 Cache: 39s/10MB
AV: 00:00:01 / 00:23:37 (0%) A-V: -0.001 Cache: 41s/10MB
AV: 00:00:01 / 00:23:37 (0%) A-V: -0.001 Cache: 41s/11MB
AV: 00:00:01 / 00:23:37 (0%) A-V: -0.001 Cache: 42s/11MB
AV: 00:00:01 / 00:23:37 (0%) A-V: -0.000 Cache: 43s/11MB
AV: 00:00:01 / 00:23:37 (0%) A-V: -0.000 Cache: 43s/12MB
AV: 00:00:01 / 00:23:37 (0%) A-V: -0.000 Cache: 44s/12MB
AV: 00:00:01 / 00:23:37 (0%) A-V: -0.000 Cache: 46s/12MB
AV: 00:00:01 / 00:23:37 (0%) A-V: -0.000 Cache: 48s/12MB
AV: 00:00:01 / 00:23:37 (0%) A-V: -0.000 Cache: 49s/13MB
AV: 00:00:01 / 00:23:37 (0%) A-V: -0.000 Cache: 50s/13MB
AV: 00:00:01 / 00:23:37 (0%) A-V: -0.000 Cache: 51s/14MB
AV: 00:00:01 / 00:23:37 (0%) A-V: -0.000 Cache: 52s/14MB
AV: 00:00:01 / 00:23:37 (0%) A-V: -0.000 Cache: 53s/14MB
AV: 00:00:01 / 00:23:37 (0%) A-V: -0.000 Cache: 55s/14MB
AV: 00:00:01 / 00:23:37 (0%) A-V: -0.000 Cache: 58s/15MB
AV: 00:00:01 / 00:23:37 (0%) A-V:  0.000 Cache: 59s/15MB
AV: 00:00:01 / 00:23:37 (0%) A-V: -0.000 Cache: 59s/16MB
AV: 00:00:01 / 00:23:37 (0%) A-V:  0.000 Cache: 59s/16MB
AV: 00:00:02 / 00:23:37 (0%) A-V: -0.000 Cache: 60s/16MB
AV: 00:00:02 / 00:23:37 (0%) A-V:  0.000 Cache: 60s/16MB
AV: 00:00:02 / 00:23:37 (0%) A-V: -0.000 Cache: 60s/16MB
AV: 00:00:02 / 00:23:37 (0%) A-V:  0.000 Cache: 60s/17MB
AV: 00:00:02 / 00:23:37 (0%) A-V: -0.000 Cache: 61s/17MB
AV: 00:00:02 / 00:23:37 (0%) A-V: -0.000 Cache: 62s/18MB
AV: 00:00:02 / 00:23:37 (0%) A-V:  0.000 Cache: 62s/18MB
AV: 00:00:02 / 00:23:37 (0%) A-V:  0.000 Cache: 63s/19MB
AV: 00:00:02 / 00:23:37 (0%) A-V:  0.000 Cache: 64s/20MB
AV: 00:00:02 / 00:23:37 (0%) A-V:  0.000 Cache: 65s/20MB
AV: 00:00:02 / 00:23:37 (0%) A-V:  0.000 Cache: 65s/21MB
AV: 00:00:02 / 00:23:37 (0%) A-V:  0.000 Cache: 66s/21MB
AV: 00:00:02 / 00:23:37 (0%) A-V:  0.000 Cache: 67s/22MB
AV: 00:00:02 / 00:23:37 (0%) A-V:  0.000 Cache: 68s/22MB
AV: 00:00:03 / 00:23:37 (0%) A-V:  0.000 Cache: 69s/22MB
AV: 00:00:03 / 00:23:37 (0%) A-V:  0.000 Cache: 69s/23MB
AV: 00:00:03 / 00:23:37 (0%) A-V:  0.000 Cache: 70s/23MB
AV: 00:00:03 / 00:23:37 (0%) A-V:  0.000 Cache: 71s/24MB
AV: 00:00:03 / 00:23:37 (0%) A-V:  0.000 Cache: 72s/24MB
AV: 00:00:03 / 00:23:37 (0%) A-V:  0.000 Cache: 73s/24MB
AV: 00:00:03 / 00:23:37 (0%) A-V:  0.000 Cache: 74s/25MB
AV: 00:00:03 / 00:23:37 (0%) A-V:  0.000 Cache: 75s/25MB
AV: 00:00:03 / 00:23:37 (0%) A-V:  0.000 Cache: 76s/25MB
AV: 00:00:03 / 00:23:37 (0%) A-V:  0.000 Cache: 76s/26MB
AV: 00:00:03 / 00:23:37 (0%) A-V:  0.000 Cache: 77s/26MB
AV: 00:00:03 / 00:23:37 (0%) A-V:  0.000 Cache: 78s/26MB
AV: 00:00:03 / 00:23:37 (0%) A-V:  0.000 Cache: 79s/27MB
AV: 00:00:03 / 00:23:37 (0%) A-V:  0.000 Cache: 80s/27MB
AV: 00:00:03 / 00:23:37 (0%) A-V:  0.000 Cache: 81s/27MB
AV: 00:00:03 / 00:23:37 (0%) A-V:  0.000 Cache: 82s/27MB
AV: 00:00:03 / 00:23:37 (0%) A-V:  0.000 Cache: 83s/27MB
AV: 00:00:03 / 00:23:37 (0%) A-V:  0.000 Cache: 84s/28MB
AV: 00:00:03 / 00:23:37 (0%) A-V:  0.000 Cache: 88s/28MB
AV: 00:00:03 / 00:23:37 (0%) A-V:  0.000 Cache: 89s/28MB
AV: 00:00:03 / 00:23:37 (0%) A-V:  0.000 Cache: 93s/29MB
AV: 00:00:03 / 00:23:37 (0%) A-V:  0.000 Cache: 94s/29MB
AV: 00:00:03 / 00:23:37 (0%) A-V:  0.000 Cache: 95s/29MB
AV: 00:00:04 / 00:23:37 (0%) A-V:  0.000 Cache: 96s/29MB
AV: 00:00:04 / 00:23:37 (0%) A-V:  0.000 Cache: 98s/30MB
AV: 00:00:04 / 00:23:37 (0%) A-V:  0.000 Cache: 99s/30MB
AV: 00:00:04 / 00:23:37 (0%) A-V:  0.000 Cache: 100s/31MB
AV: 00:00:04 / 00:23:37 (0%) A-V:  0.000 Cache: 101s/31MB
AV: 00:00:04 / 00:23:37 (0%) A-V:  0.000 Cache: 101s/32MB
AV: 00:00:04 / 00:23:37 (0%) A-V:  0.000 Cache: 103s/32MB
AV: 00:00:04 / 00:23:37 (0%) A-V:  0.000 Cache: 104s/32MB
AV: 00:00:04 / 00:23:37 (0%) A-V:  0.000 Cache: 107s/33MB
AV: 00:00:04 / 00:23:37 (0%) A-V:  0.000 Cache: 108s/33MB
AV: 00:00:04 / 00:23:37 (0%) A-V:  0.000 Cache: 111s/33MB
AV: 00:00:04 / 00:23:37 (0%) A-V:  0.000 Cache: 112s/34MB
AV: 00:00:04 / 00:23:37 (0%) A-V:  0.000 Cache: 113s/34MB
AV: 00:00:04 / 00:23:37 (0%) A-V:  0.000 Cache: 115s/34MB
AV: 00:00:04 / 00:23:37 (0%) A-V:  0.000 Cache: 117s/34MB
AV: 00:00:04 / 00:23:37 (0%) A-V:  0.000 Cache: 119s/35MB
AV: 00:00:04 / 00:23:37 (0%) A-V:  0.000 Cache: 121s/35MB
AV: 00:00:04 / 00:23:37 (0%) A-V:  0.000 Cache: 122s/35MB
AV: 00:00:04 / 00:23:37 (0%) A-V:  0.000 Cache: 128s/36MB
AV: 00:00:04 / 00:23:37 (0%) A-V:  0.000 Cache: 135s/36MB
AV: 00:00:04 / 00:23:37 (0%) A-V:  0.000 Cache: 136s/37MB
AV: 00:00:04 / 00:23:37 (0%) A-V:  0.000 Cache: 137s/37MB
AV: 00:00:05 / 00:23:37 (0%) A-V:  0.000 Cache: 143s/37MB
AV: 00:00:05 / 00:23:37 (0%) A-V:  0.000 Cache: 144s/38MB
AV: 00:00:05 / 00:23:37 (0%) A-V:  0.000 Cache: 145s/38MB
AV: 00:00:05 / 00:23:37 (0%) A-V:  0.000 Cache: 147s/38MB
AV: 00:00:05 / 00:23:37 (0%) A-V:  0.000 Cache: 148s/38MB
AV: 00:00:05 / 00:23:37 (0%) A-V:  0.000 Cache: 149s/39MB
AV: 00:00:05 / 00:23:37 (0%) A-V:  0.000 Cache: 150s/39MB
AV: 00:00:05 / 00:23:37 (0%) A-V:  0.000 Cache: 151s/39MB
AV: 00:00:05 / 00:23:37 (0%) A-V:  0.000 Cache: 154s/40MB
AV: 00:00:05 / 00:23:37 (0%) A-V:  0.000 Cache: 156s/40MB
AV: 00:00:05 / 00:23:37 (0%) A-V:  0.000 Cache: 157s/40MB
AV: 00:00:05 / 00:23:37 (0%) A-V:  0.000 Cache: 158s/41MB
AV: 00:00:05 / 00:23:37 (0%) A-V:  0.000 Cache: 162s/41MB
AV: 00:00:05 / 00:23:37 (0%) A-V:  0.000 Cache: 165s/41MB
AV: 00:00:05 / 00:23:37 (0%) A-V:  0.000 Cache: 167s/41MB
AV: 00:00:05 / 00:23:37 (0%) A-V:  0.000 Cache: 168s/42MB
AV: 00:00:05 / 00:23:37 (0%) A-V:  0.000 Cache: 170s/42MB
AV: 00:00:05 / 00:23:37 (0%) A-V:  0.000 Cache: 171s/42MB
AV: 00:00:05 / 00:23:37 (0%) A-V:  0.000 Cache: 173s/43MB
AV: 00:00:05 / 00:23:37 (0%) A-V:  0.000 Cache: 174s/43MB
AV: 00:00:05 / 00:23:37 (0%) A-V:  0.000 Cache: 175s/43MB
AV: 00:00:05 / 00:23:37 (0%) A-V:  0.000 Cache: 178s/43MB
AV: 00:00:05 / 00:23:37 (0%) A-V:  0.000 Cache: 180s/44MB
AV: 00:00:05 / 00:23:37 (0%) A-V:  0.000 Cache: 182s/44MB
AV: 00:00:05 / 00:23:37 (0%) A-V:  0.000 Cache: 183s/44MB
AV: 00:00:05 / 00:23:37 (0%) A-V:  0.000 Cache: 185s/45MB
AV: 00:03:42 / 00:23:37 (16%) A-V:  0.000 Cache: 0.0s
(...) AV: 00:03:42 / 00:23:37 (16%) A-V:  0.000 Cache: 0.0s/0KB
(...) AV: 00:03:42 / 00:23:37 (16%) A-V:  0.000 Cache: 3.4s/231KB
(...) AV: 00:03:42 / 00:23:37 (16%) A-V:  0.000 Cache: 7.3s/682KB
(...) AV: 00:03:42 / 00:23:37 (16%) A-V:  0.000 Cache: 9.4s/1MB
(...) AV: 00:03:42 / 00:23:37 (16%) A-V:  0.000 Cache: 9.7s/1MB
(...) AV: 00:03:42 / 00:23:37 (16%) A-V:  0.000 Cache: 10s/1MB
AV: 00:03:42 / 00:23:37 (16%) A-V: -0.000 Cache: 13s/1MB
AV: 00:03:42 / 00:23:37 (16%) A-V:  0.000 Cache: 14s/1MB
AV: 00:03:42 / 00:23:37 (16%) A-V:  0.000 Cache: 16s/1MB
AV: 00:03:42 / 00:23:37 (16%) A-V:  0.000 Cache: 18s/2MB
AV: 00:03:42 / 00:23:37 (16%) A-V:  0.000 Cache: 20s/2MB
AV: 00:03:43 / 00:23:37 (16%) A-V:  0.000 Cache: 23s/2MB
AV: 00:03:43 / 00:23:37 (16%) A-V:  0.000 Cache: 24s/3MB
AV: 00:03:43 / 00:23:37 (16%) A-V:  0.000 Cache: 26s/3MB
AV: 00:03:43 / 00:23:37 (16%) A-V:  0.000 Cache: 27s/3MB
AV: 00:03:43 / 00:23:37 (16%) A-V:  0.000 Cache: 28s/3MB
AV: 00:03:43 / 00:23:37 (16%) A-V:  0.000 Cache: 29s/4MB
AV: 00:03:43 / 00:23:37 (16%) A-V:  0.000 Cache: 30s/4MB
AV: 00:07:20 / 00:23:37 (31%) A-V:  0.000 Cache: 0.0s
(...) AV: 00:07:20 / 00:23:37 (31%) A-V:  0.000 Cache: 0.0s/2KB
(...) AV: 00:07:20 / 00:23:37 (31%) A-V:  0.000 Cache: 0.0s/19KB
(...) AV: 00:07:20 / 00:23:37 (31%) A-V:  0.000 Cache: 0.3s/131KB
(...) AV: 00:07:20 / 00:23:37 (31%) A-V:  0.000 Cache: 0.5s/212KB
(...) AV: 00:07:20 / 00:23:37 (31%) A-V:  0.000 Cache: 0.6s/281KB
(...) AV: 00:07:20 / 00:23:37 (31%) A-V:  0.000 Cache: 1.5s/529KB
(...) AV: 00:07:20 / 00:23:37 (31%) A-V:  0.000 Cache: 1.6s/556KB
(...) AV: 00:07:20 / 00:23:37 (31%) A-V:  0.000 Cache: 2.5s/696KB
AV: 00:07:20 / 00:23:37 (31%) A-V:  0.000 Cache: 4.0s/742KB
AV: 00:07:20 / 00:23:37 (31%) A-V:  0.000 Cache: 5.4s/968KB
AV: 00:07:20 / 00:23:37 (31%) A-V:  0.000 Cache: 6.9s/1MB
AV: 00:07:20 / 00:23:37 (31%) A-V:  0.000 Cache: 7.9s/1MB
AV: 00:07:20 / 00:23:37 (31%) A-V:  0.000 Cache: 9.3s/1MB
AV: 00:07:21 / 00:23:37 (31%) A-V:  0.000 Cache: 10s/1MB
AV: 00:07:21 / 00:23:37 (31%) A-V:  0.000 Cache: 11s/2MB
AV: 00:07:21 / 00:23:37 (31%) A-V:  0.000 Cache: 13s/2MB
AV: 00:07:21 / 00:23:37 (31%) A-V:  0.000 Cache: 18s/2MB
AV: 00:07:21 / 00:23:37 (31%) A-V:  0.000 Cache: 19s/3MB
AV: 00:07:21 / 00:23:37 (31%) A-V:  0.000 Cache: 20s/3MB
AV: 00:07:21 / 00:23:37 (31%) A-V:  0.000 Cache: 23s/3MB
AV: 00:07:21 / 00:23:37 (31%) A-V:  0.000 Cache: 24s/3MB
AV: 00:07:21 / 00:23:37 (31%) A-V:  0.000 Cache: 25s/4MB
AV: 00:11:05 / 00:23:37 (47%) A-V:  0.000 Cache: 0.0s
AV: 00:11:05 / 00:23:37 (47%) A-V:  0.000 Cache: 0.0s/0KB
AV: 00:11:05 / 00:23:37 (47%) A-V:  0.000 Cache: 0.0s/12KB
(...) AV: 00:11:05 / 00:23:37 (47%) A-V:  0.000 Cache: 2.0s/213KB
(...) AV: 00:11:05 / 00:23:37 (47%) A-V:  0.000 Cache: 4.4s/540KB
(...) AV: 00:11:05 / 00:23:37 (47%) A-V:  0.000 Cache: 4.3s/877KB
(...) AV: 00:11:05 / 00:23:37 (47%) A-V:  0.000 Cache: 5.6s/1MB
AV: 00:11:05 / 00:23:37 (47%) A-V: -0.000 Cache: 5.6s/917KB
AV: 00:11:05 / 00:23:37 (47%) A-V: -0.000 Cache: 8.5s/1MB
AV: 00:11:05 / 00:23:37 (47%) A-V:  0.000 Cache: 11s/1MB
AV: 00:11:05 / 00:23:37 (47%) A-V:  0.000 Cache: 12s/1MB
AV: 00:11:05 / 00:23:37 (47%) A-V:  0.000 Cache: 14s/2MB
AV: 00:11:05 / 00:23:37 (47%) A-V:  0.000 Cache: 15s/2MB
AV: 00:13:26 / 00:23:37 (57%) A-V:  0.000 Cache: 0.0s
(...) AV: 00:13:26 / 00:23:37 (57%) A-V:  0.000 Cache: 0.0s
(...) AV: 00:13:26 / 00:23:37 (57%) A-V:  0.000 Cache: 0.0s/0KB
(...) AV: 00:13:26 / 00:23:37 (57%) A-V:  0.000 Cache: 0.0s/11KB
(...) AV: 00:13:26 / 00:23:37 (57%) A-V:  0.000 Cache: 0.7s/96KB
(...) AV: 00:13:26 / 00:23:37 (57%) A-V:  0.000 Cache: 2.7s/290KB
(...) AV: 00:13:26 / 00:23:37 (57%) A-V:  0.000 Cache: 2.4s/729KB
AV: 00:13:26 / 00:23:37 (57%) A-V: -0.000 Cache: 2.5s/606KB
AV: 00:13:26 / 00:23:37 (57%) A-V: -0.000 Cache: 2.4s/604KB
AV: 00:13:26 / 00:23:37 (57%) A-V:  0.000 Cache: 2.4s/601KB
AV: 00:13:26 / 00:23:37 (57%) A-V:  0.000 Cache: 2.6s/778KB
AV: 00:13:26 / 00:23:37 (57%) A-V:  0.000 Cache: 2.5s/775KB
AV: 00:13:26 / 00:23:37 (57%) A-V: -0.000 Cache: 2.5s/806KB
AV: 00:13:26 / 00:23:37 (57%) A-V:  0.000 Cache: 2.6s/919KB
AV: 00:13:26 / 00:23:37 (57%) A-V:  0.000 Cache: 2.6s/917KB
AV: 00:13:26 / 00:23:37 (57%) A-V:  0.000 Cache: 2.6s/914KB
AV: 00:13:26 / 00:23:37 (57%) A-V:  0.000 Cache: 3.1s/1MB
AV: 00:13:26 / 00:23:37 (57%) A-V:  0.000 Cache: 3.2s/1MB
AV: 00:13:26 / 00:23:37 (57%) A-V:  0.000 Cache: 3.5s/1MB
AV: 00:13:26 / 00:23:37 (57%) A-V:  0.000 Cache: 3.6s/1MB
AV: 00:13:26 / 00:23:37 (57%) A-V:  0.000 Cache: 3.7s/2MB
AV: 00:13:26 / 00:23:37 (57%) A-V:  0.000 Cache: 3.8s/2MB
AV: 00:13:26 / 00:23:37 (57%) A-V:  0.000 Cache: 3.9s/2MB
AV: 00:13:26 / 00:23:37 (57%) A-V:  0.000 Cache: 4.1s/2MB
AV: 00:13:27 / 00:23:37 (57%) A-V:  0.000 Cache: 4.3s/2MB
AV: 00:15:27 / 00:23:37 (65%) A-V:  0.000 Cache: 0.0s
(...) AV: 00:15:27 / 00:23:37 (65%) A-V:  0.000 Cache: 0.0s
(...) AV: 00:15:27 / 00:23:37 (65%) A-V:  0.000 Cache: 0.0s/5KB
(...) AV: 00:15:27 / 00:23:37 (65%) A-V:  0.000 Cache: 0.0s/7KB
(...) AV: 00:15:27 / 00:23:37 (65%) A-V:  0.000 Cache: 0.0s/9KB
(...) AV: 00:15:27 / 00:23:37 (65%) A-V:  0.000 Cache: 0.0s/19KB
(...) AV: 00:15:27 / 00:23:37 (65%) A-V:  0.000 Cache: 0.0s/21KB
(...) AV: 00:15:27 / 00:23:37 (65%) A-V:  0.000 Cache: 0.0s/34KB
(...) AV: 00:15:27 / 00:23:37 (65%) A-V:  0.000 Cache: 0.0s/59KB
(...) AV: 00:15:27 / 00:23:37 (65%) A-V:  0.000 Cache: 0.0s/65KB
(...) AV: 00:15:27 / 00:23:37 (65%) A-V:  0.000 Cache: 1.8s/318KB
(...) AV: 00:15:27 / 00:23:37 (65%) A-V:  0.000 Cache: 2.2s/370KB
(...) AV: 00:15:27 / 00:23:37 (65%) A-V:  0.000 Cache: 1.1s/302KB
AV: 00:15:27 / 00:23:37 (65%) A-V: -0.000 Cache: 1.1s/124KB
AV: 00:15:27 / 00:23:37 (65%) A-V:  0.000 Cache: 2.1s/309KB
AV: 00:15:27 / 00:23:37 (65%) A-V:  0.000 Cache: 4.0s/581KB
AV: 00:15:27 / 00:23:37 (65%) A-V:  0.000 Cache: 5.1s/730KB
AV: 00:15:27 / 00:23:37 (65%) A-V:  0.000 Cache: 5.4s/747KB
AV: 00:15:27 / 00:23:37 (65%) A-V:  0.000 Cache: 5.4s/744KB
AV: 00:15:27 / 00:23:37 (65%) A-V:  0.000 Cache: 5.3s/741KB
AV: 00:15:27 / 00:23:37 (65%) A-V:  0.000 Cache: 5.8s/887KB
AV: 00:15:27 / 00:23:37 (65%) A-V:  0.000 Cache: 7.4s/1MB
AV: 00:15:27 / 00:23:37 (65%) A-V:  0.000 Cache: 7.8s/1MB
AV: 00:15:27 / 00:23:37 (65%) A-V:  0.000 Cache: 8.2s/1MB
AV: 00:15:27 / 00:23:37 (65%) A-V:  0.000 Cache: 8.3s/1MB
AV: 00:15:27 / 00:23:37 (65%) A-V:  0.000 Cache: 8.2s/1MB
AV: 00:15:27 / 00:23:37 (65%) A-V:  0.000 Cache: 8.4s/1MB
AV: 00:15:27 / 00:23:37 (65%) A-V:  0.000 Cache: 9.3s/1MB
AV: 00:15:27 / 00:23:37 (65%) A-V:  0.000 Cache: 9.6s/1MB
AV: 00:15:27 / 00:23:37 (65%) A-V:  0.000 Cache: 9.7s/1MB
AV: 00:15:27 / 00:23:37 (65%) A-V:  0.000 Cache: 9.8s/1MB
AV: 00:15:27 / 00:23:37 (65%) A-V:  0.000 Cache: 10s/2MB
AV: 00:15:27 / 00:23:37 (65%) A-V:  0.000 Cache: 11s/2MB
AV: 00:15:27 / 00:23:37 (65%) A-V:  0.000 Cache: 13s/2MB
AV: 00:15:27 / 00:23:37 (65%) A-V:  0.000 Cache: 15s/2MB
AV: 00:15:28 / 00:23:37 (65%) A-V:  0.000 Cache: 17s/3MB
AV: 00:15:28 / 00:23:37 (65%) A-V:  0.000 Cache: 18s/3MB
AV: 00:15:28 / 00:23:37 (66%) A-V:  0.000 Cache: 20s/3MB
AV: 00:15:28 / 00:23:37 (66%) A-V:  0.000 Cache: 23s/3MB
AV: 00:15:28 / 00:23:37 (66%) A-V:  0.000 Cache: 24s/3MB
AV: 00:15:28 / 00:23:37 (66%) A-V:  0.000 Cache: 25s/4MB
AV: 00:15:28 / 00:23:37 (66%) A-V:  0.000 Cache: 27s/4MB
AV: 00:15:28 / 00:23:37 (66%) A-V:  0.000 Cache: 28s/4MB
AV: 00:15:28 / 00:23:37 (66%) A-V:  0.000 Cache: 29s/4MB
AV: 00:15:28 / 00:23:37 (66%) A-V:  0.000 Cache: 28s/4MB
AV: 00:15:28 / 00:23:37 (66%) A-V:  0.000 Cache: 29s/4MB
Exiting... (Quit)
