Launching command: ['mpv', 'https://valiw.hakunaymatata.com/resource/4ae7bbb55bf1e2d05edad5d95f7d28c0.mp4?auth_key=1763713863-0-0-def50ea6ccae1380a8b4c87ad7e13bf3', '--title=Naruto SD: Rock Lee & His Ninja Pals']
URL: https://valiw.hakunaymatata.com/resource/4ae7bbb55bf1e2d05edad5d95f7d28c0.mp4?auth_key=1763713863-0-0-def50ea6ccae1380a8b4c87ad7e13bf3
Launching command: ['mpv', 'https://valiw.hakunaymatata.com/resource/4ae7bbb55bf1e2d05edad5d95f7d28c0.mp4?auth_key=1763713671-0-0-cfe3d9a3dd3bcaa6d4284bee649959f0', '--title=Naruto SD: Rock Lee & His Ninja Pals', '--user-agent=Mozilla/5.0 (X11; Linux x86_64; rv:137.0) Gecko/20100101 Firefox/137.0', '--referrer=https://fmoviesunblocked.net/', '--http-header-fields=Accept: */*,Origin: h5.aoneroom.com,accept-encoding: gzip, deflate,connection: keep-alive,accept: */*,origin: h5.aoneroom.com']
URL: https://valiw.hakunaymatata.com/resource/4ae7bbb55bf1e2d05edad5d95f7d28c0.mp4?auth_key=1763713671-0-0-cfe3d9a3dd3bcaa6d4284bee649959f0
Launching command: ['mpv', 'https://valiw.hakunaymatata.com/resource/4ae7bbb55bf1e2d05edad5d95f7d28c0.mp4?auth_key=1763713671-0-0-cfe3d9a3dd3bcaa6d4284bee649959f0', '--title=Naruto SD: Rock Lee & His Ninja Pals', '--user-agent=Mozilla/5.0 (X11; Linux x86_64; rv:137.0) Gecko/20100101 Firefox/137.0', '--referrer=https://fmoviesunblocked.net/', '--http-header-fields=Origin: h5.aoneroom.com,origin: h5.aoneroom.com']
URL: https://valiw.hakunaymatata.com/resource/4ae7bbb55bf1e2d05edad5d95f7d28c0.mp4?auth_key=1763713671-0-0-cfe3d9a3dd3bcaa6d4284bee649959f0
Launching command: ['mpv', 'https://valiw.hakunaymatata.com/resource/6f30a5b97629d3288237b4225cafe46f.mp4?auth_key=1763718232-0-0-2270b8c2734983a6969a65e322296268', '--title=Naruto Shippuden the Movie: Blood Prison', '--user-agent=Mozilla/5.0 (X11; Linux x86_64; rv:137.0) Gecko/20100101 Firefox/137.0', '--referrer=https://fmoviesunblocked.net/', '--http-header-fields=Origin: h5.aoneroom.com,origin: h5.aoneroom.com']
URL: https://valiw.hakunaymatata.com/resource/6f30a5b97629d3288237b4225cafe46f.mp4?auth_key=1763718232-0-0-2270b8c2734983a6969a65e322296268
Launching command: ['mpv', 'https://valiw.hakunaymatata.com/resource/d35003e9063fad2ea4f699470e552812.mp4?auth_key=1763730513-0-0-34a963e871c6b456ead21a346400a2bf', '--title=Naruto: Shippuden [Hindi] S1-S15', '--user-agent=Mozilla/5.0 (X11; Linux x86_64; rv:137.0) Gecko/20100101 Firefox/137.0', '--referrer=https://fmoviesunblocked.net/', '--http-header-fields=Origin: h5.aoneroom.com,origin: h5.aoneroom.com']
URL: https://valiw.hakunaymatata.com/resource/d35003e9063fad2ea4f699470e552812.mp4?auth_key=1763730513-0-0-34a963e871c6b456ead21a346400a2bf
Launching command: ['mpv', 'https://valiw.hakunaymatata.com/resource/aac77bfa399bc0958d1fba4964468b87.mp4?auth_key=1763730156-0-0-77221bb74fa113c525996f78a53527ed', '--title=Naruto: Shippuden [Hindi] S1-S15', '--user-agent=Mozilla/5.0 (X11; Linux x86_64; rv:137.0) Gecko/20100101 Firefox/137.0', '--referrer=https://fmoviesunblocked.net/', '--http-header-fields=Origin: h5.aoneroom.com,origin: h5.aoneroom.com']
URL: https://valiw.hakunaymatata.com/resource/aac77bfa399bc0958d1fba4964468b87.mp4?auth_key=1763730156-0-0-77221bb74fa113c525996f78a53527ed
Launching command: ['mpv', 'https://valiw.hakunaymatata.com/resource/3a15e6261239b755f475573a86af4830.mp4?auth_key=1763733447-0-0-3f7cb7b1f59379efa88cc761f65258ff', '--title=Boruto: Naruto Next Generations', '--user-agent=Mozilla/5.0 (X11; Linux x86_64; rv:137.0) Gecko/20100101 Firefox/137.0', '--referrer=https://fmoviesunblocked.net/', '--http-header-fields=Origin: h5.aoneroom.com,origin: h5.aoneroom.com']
URL: https://valiw.hakunaymatata.com/resource/3a15e6261239b755f475573a86af4830.mp4?auth_key=1763733447-0-0-3f7cb7b1f59379efa88cc761f65258ff
Launching command: ['mpv', 'https://valiw.hakunaymatata.com/resource/0bfd300e33c89d9b673dd13bb04ecac4.mp4?auth_key=1763733481-0-0-0b7083f6a987c2368bbcd45c4240d429', '--title=Naruto [Hindi] S1-S2', '--user-agent=Mozilla/5.0 (X11; Linux x86_64; rv:137.0) Gecko/20100101 Firefox/137.0', '--referrer=https://fmoviesunblocked.net/', '--http-header-fields=Origin: h5.aoneroom.com,origin: h5.aoneroom.com']
URL: https://valiw.hakunaymatata.com/resource/0bfd300e33c89d9b673dd13bb04ecac4.mp4?auth_key=1763733481-0-0-0b7083f6a987c2368bbcd45c4240d429
Launching command: ['mpv', 'https://valiw.hakunaymatata.com/resource/0bfd300e33c89d9b673dd13bb04ecac4.mp4?auth_key=1763733577-0-0-8ab496b6516bca029fea758bc82837f1', '--title=Naruto [Hindi] S1-S2', '--user-agent=Mozilla/5.0 (X11; Linux x86_64; rv:137.0) Gecko/20100101 Firefox/137.0', '--referrer=https://fmoviesunblocked.net/', '--http-header-fields=Origin: h5.aoneroom.com,origin: h5.aoneroom.com']
URL: https://valiw.hakunaymatata.com/resource/0bfd300e33c89d9b673dd13bb04ecac4.mp4?auth_key=1763733577-0-0-8ab496b6516bca029fea758bc82837f1
Launching command: ['mpv', 'https://valiw.hakunaymatata.com/resource/07c793e53016c5166408f7e03ce227e2.mp4?auth_key=1763733614-0-0-bc2242ecb1189cdc72920c43033a57f3', '--title=Demon Slayer: Kimetsu no Yaiba S1-S5', '--user-agent=Mozilla/5.0 (X11; Linux x86_64; rv:137.0) Gecko/20100101 Firefox/137.0', '--referrer=https://fmoviesunblocked.net/', '--http-header-fields=Origin: h5.aoneroom.com,origin: h5.aoneroom.com']
URL: https://valiw.hakunaymatata.com/resource/07c793e53016c5166408f7e03ce227e2.mp4?auth_key=1763733614-0-0-bc2242ecb1189cdc72920c43033a57f3
Launching command: ['mpv', 'https://valiw.hakunaymatata.com/resource/6816966ae0787138ccd1f8b10b943fa2.mp4?auth_key=1763732876-0-0-c877c954b866706161bb218cd411923f', '--title=Demon Slayer: Kimetsu no Yaiba S1-S5', '--user-agent=Mozilla/5.0 (X11; Linux x86_64; rv:137.0) Gecko/20100101 Firefox/137.0', '--referrer=https://fmoviesunblocked.net/', '--http-header-fields=Origin: h5.aoneroom.com,origin: h5.aoneroom.com']
URL: https://valiw.hakunaymatata.com/resource/6816966ae0787138ccd1f8b10b943fa2.mp4?auth_key=1763732876-0-0-c877c954b866706161bb218cd411923f
Launching command: ['mpv', 'https://valiw.hakunaymatata.com/resource/9a006b7f2d95edceaa22d1a2f54c3132.mp4?auth_key=1763733668-0-0-e3d9f24791a4310ea69103063e3f7740', '--title=Demon Slayer: Kimetsu no Yaiba S1-S5', '--user-agent=Mozilla/5.0 (X11; Linux x86_64; rv:137.0) Gecko/20100101 Firefox/137.0', '--referrer=https://fmoviesunblocked.net/', '--http-header-fields=Origin: h5.aoneroom.com,origin: h5.aoneroom.com']
URL: https://valiw.hakunaymatata.com/resource/9a006b7f2d95edceaa22d1a2f54c3132.mp4?auth_key=1763733668-0-0-e3d9f24791a4310ea69103063e3f7740
Launching command: ['mpv', 'https://valiw.hakunaymatata.com/resource/9a006b7f2d95edceaa22d1a2f54c3132.mp4?auth_key=1763733669-0-0-31e6c8aee7cc7b76de2a0ec0ec4dd38a', '--title=Demon Slayer: Kimetsu no Yaiba S1-S5', '--user-agent=Mozilla/5.0 (X11; Linux x86_64; rv:137.0) Gecko/20100101 Firefox/137.0', '--referrer=https://fmoviesunblocked.net/', '--http-header-fields=Origin: h5.aoneroom.com,origin: h5.aoneroom.com']
URL: https://valiw.hakunaymatata.com/resource/9a006b7f2d95edceaa22d1a2f54c3132.mp4?auth_key=1763733669-0-0-31e6c8aee7cc7b76de2a0ec0ec4dd38a
Launching command: ['mpv', 'https://valiw.hakunaymatata.com/resource/433039929da10bcc5857602072703eac.mp4?auth_key=1763731673-0-0-aea092ba3ea04da1fc524520165aa3dc', '--title=Demon Slayer: Kimetsu no Yaiba- The Movie - Infinity Castle', '--user-agent=Mozilla/5.0 (X11; Linux x86_64; rv:137.0) Gecko/20100101 Firefox/137.0', '--referrer=https://fmoviesunblocked.net/', '--http-header-fields=Origin: h5.aoneroom.com,origin: h5.aoneroom.com']
URL: https://valiw.hakunaymatata.com/resource/433039929da10bcc5857602072703eac.mp4?auth_key=1763731673-0-0-aea092ba3ea04da1fc524520165aa3dc
Launching command: ['mpv', 'https://valiw.hakunaymatata.com/resource/35ca876c8c90c72905f20cfd38ce7ed3.mp4?auth_key=1763732561-0-0-385702ecf072db75c2f0407f7d497503', '--title=Tokyo Revengers S1-S3', '--user-agent=Mozilla/5.0 (X11; Linux x86_64; rv:137.0) Gecko/20100101 Firefox/137.0', '--referrer=https://fmoviesunblocked.net/', '--http-header-fields=Origin: h5.aoneroom.com,origin: h5.aoneroom.com']
URL: https://valiw.hakunaymatata.com/resource/35ca876c8c90c72905f20cfd38ce7ed3.mp4?auth_key=1763732561-0-0-385702ecf072db75c2f0407f7d497503
Launching command: ['mpv', 'https://valiw.hakunaymatata.com/cms/6dc77813f0fd03a53fb4d1c357c7c469.mp4?auth_key=1763729943-0-0-48cc69735bb8c48ed9aac6e97e390dfd', '--title=Tokyo Revengers [Hindi]', '--user-agent=Mozilla/5.0 (X11; Linux x86_64; rv:137.0) Gecko/20100101 Firefox/137.0', '--referrer=https://fmoviesunblocked.net/', '--http-header-fields=Origin: h5.aoneroom.com,origin: h5.aoneroom.com']
URL: https://valiw.hakunaymatata.com/cms/6dc77813f0fd03a53fb4d1c357c7c469.mp4?auth_key=1763729943-0-0-48cc69735bb8c48ed9aac6e97e390dfd
Launching command: ['mpv', 'https://valiw.hakunaymatata.com/resource/1b836b5ae1beaa620e924f8ac7a9974e.mp4?auth_key=1763733888-0-0-bcb9b0385dc9f6cc568ec9a3634217dd', '--title=Tokyo Revengers S1-S3', '--user-agent=Mozilla/5.0 (X11; Linux x86_64; rv:137.0) Gecko/20100101 Firefox/137.0', '--referrer=https://fmoviesunblocked.net/', '--http-header-fields=Origin: h5.aoneroom.com,origin: h5.aoneroom.com']
URL: https://valiw.hakunaymatata.com/resource/1b836b5ae1beaa620e924f8ac7a9974e.mp4?auth_key=1763733888-0-0-bcb9b0385dc9f6cc568ec9a3634217dd
Launching command: ['mpv', 'https://valiw.hakunaymatata.com/resource/0bfd300e33c89d9b673dd13bb04ecac4.mp4?auth_key=1763733577-0-0-8ab496b6516bca029fea758bc82837f1', '--title=Naruto [Hindi] S1-S2', '--user-agent=Mozilla/5.0 (X11; Linux x86_64; rv:137.0) Gecko/20100101 Firefox/137.0', '--referrer=https://fmoviesunblocked.net/', '--http-header-fields=Origin: h5.aoneroom.com,origin: h5.aoneroom.com']
URL: https://valiw.hakunaymatata.com/resource/0bfd300e33c89d9b673dd13bb04ecac4.mp4?auth_key=1763733577-0-0-8ab496b6516bca029fea758bc82837f1
Launching command: ['mpv', 'https://valiw.hakunaymatata.com/resource/d35003e9063fad2ea4f699470e552812.mp4?auth_key=1763734330-0-0-c9089b499dcb67dafb0eeba2de430d29', '--title=Naruto: Shippuden [Hindi] S1-S15', '--user-agent=Mozilla/5.0 (X11; Linux x86_64; rv:137.0) Gecko/20100101 Firefox/137.0', '--referrer=https://fmoviesunblocked.net/', '--http-header-fields=Origin: h5.aoneroom.com,origin: h5.aoneroom.com']
URL: https://valiw.hakunaymatata.com/resource/d35003e9063fad2ea4f699470e552812.mp4?auth_key=1763734330-0-0-c9089b499dcb67dafb0eeba2de430d29
Launching command: ['mpv', 'https://valiw.hakunaymatata.com/resource/d35003e9063fad2ea4f699470e552812.mp4?auth_key=1763734330-0-0-c9089b499dcb67dafb0eeba2de430d29', '--title=Naruto: Shippuden [Hindi] S1-S15', '--user-agent=Mozilla/5.0 (X11; Linux x86_64; rv:137.0) Gecko/20100101 Firefox/137.0', '--referrer=https://fmoviesunblocked.net/', '--http-header-fields=Origin: h5.aoneroom.com,origin: h5.aoneroom.com']
URL: https://valiw.hakunaymatata.com/resource/d35003e9063fad2ea4f699470e552812.mp4?auth_key=1763734330-0-0-c9089b499dcb67dafb0eeba2de430d29
Launching command: ['mpv', 'https://valiw.hakunaymatata.com/resource/0bfd300e33c89d9b673dd13bb04ecac4.mp4?auth_key=1763733481-0-0-0b7083f6a987c2368bbcd45c4240d429', '--title=Naruto [Hindi] S1-S2', '--user-agent=Mozilla/5.0 (X11; Linux x86_64; rv:137.0) Gecko/20100101 Firefox/137.0', '--referrer=https://fmoviesunblocked.net/', '--http-header-fields=Origin: h5.aoneroom.com,origin: h5.aoneroom.com']
URL: https://valiw.hakunaymatata.com/resource/0bfd300e33c89d9b673dd13bb04ecac4.mp4?auth_key=1763733481-0-0-0b7083f6a987c2368bbcd45c4240d429
