● Video  --vid=1               (h264 1456x1080 23.976 fps) [default]
● Audio  --aid=1  --alang=hin  (aac 2ch 48000 Hz 130 kbps) [default]
File tags:
 Title: Visit & Support - VegaMovies.To
AO: [wasapi] 48000Hz stereo 2ch float
VO: [gpu] 1456x1080 yuv420p
AV: 00:00:00 / 00:23:12 (0%) A-V:  0.000 Cache: 3.7s/1MB
AV: 00:00:00 / 00:23:12 (0%) A-V: -0.042 Cache: 3.7s/1MB
AV: 00:00:00 / 00:23:12 (0%) A-V: -0.038 Cache: 3.8s/1MB
AV: 00:00:00 / 00:23:12 (0%) A-V: -0.034 Cache: 3.8s/1MB
AV: 00:00:00 / 00:23:12 (0%) A-V: -0.030 Cache: 3.8s/1MB
AV: 00:00:00 / 00:23:12 (0%) A-V: -0.027 Cache: 4.5s/1MB
AV: 00:00:00 / 00:23:12 (0%) A-V: -0.025 Cache: 4.8s/1MB
AV: 00:00:00 / 00:23:12 (0%) A-V: -0.022 Cache: 5.0s/2MB
AV: 00:00:00 / 00:23:12 (0%) A-V: -0.020 Cache: 5.2s/2MB
AV: 00:00:00 / 00:23:12 (0%) A-V: -0.018 Cache: 5.1s/2MB
AV: 00:00:00 / 00:23:12 (0%) A-V: -0.016 Cache: 5.1s/2MB
AV: 00:00:00 / 00:23:12 (0%) A-V: -0.015 Cache: 5.3s/2MB
AV: 00:00:00 / 00:23:12 (0%) A-V: -0.013 Cache: 5.2s/2MB
AV: 00:00:00 / 00:23:12 (0%) A-V: -0.012 Cache: 5.9s/2MB
AV: 00:00:00 / 00:23:12 (0%) A-V: -0.011 Cache: 5.9s/2MB
AV: 00:00:00 / 00:23:12 (0%) A-V: -0.010 Cache: 5.9s/2MB
AV: 00:00:00 / 00:23:12 (0%) A-V: -0.009 Cache: 6.2s/2MB
AV: 00:00:00 / 00:23:12 (0%) A-V: -0.008 Cache: 6.3s/2MB
AV: 00:00:00 / 00:23:12 (0%) A-V: -0.007 Cache: 6.5s/3MB
AV: 00:00:00 / 00:23:12 (0%) A-V: -0.006 Cache: 6.6s/3MB
AV: 00:00:00 / 00:23:12 (0%) A-V: -0.005 Cache: 6.5s/3MB
AV: 00:00:00 / 00:23:12 (0%) A-V: -0.005 Cache: 6.8s/3MB
AV: 00:00:00 / 00:23:12 (0%) A-V: -0.004 Cache: 7.4s/3MB
AV: 00:00:01 / 00:23:12 (0%) A-V: -0.004 Cache: 7.3s/3MB
AV: 00:00:01 / 00:23:12 (0%) A-V: -0.003 Cache: 8.2s/3MB
AV: 00:00:01 / 00:23:12 (0%) A-V: -0.003 Cache: 8.1s/3MB
AV: 00:00:01 / 00:23:12 (0%) A-V: -0.002 Cache: 8.2s/3MB
AV: 00:00:01 / 00:23:12 (0%) A-V: -0.002 Cache: 9.7s/4MB
AV: 00:00:01 / 00:23:12 (0%) A-V: -0.002 Cache: 10s/4MB
AV: 00:00:01 / 00:23:12 (0%) A-V: -0.001 Cache: 10s/4MB
AV: 00:00:01 / 00:23:12 (0%) A-V: -0.001 Cache: 11s/4MB
AV: 00:07:32 / 00:23:12 (32%) A-V:  0.000 Cache: 0.0s
(...) AV: 00:07:32 / 00:23:12 (32%) A-V:  0.000 Cache: 0.0s
(...) AV: 00:07:32 / 00:23:12 (32%) A-V:  0.000 Cache: 0.0s/0KB
(...) AV: 00:07:32 / 00:23:12 (32%) A-V:  0.000 Cache: 0.0s/9KB
(...) AV: 00:07:32 / 00:23:12 (32%) A-V:  0.000 Cache: 0.0s/44KB
(...) AV: 00:07:32 / 00:23:12 (32%) A-V:  0.000 Cache: 0.0s/102KB
(...) AV: 00:07:32 / 00:23:12 (32%) A-V:  0.000 Cache: 0.0s/169KB
(...) AV: 00:07:32 / 00:23:12 (32%) A-V:  0.000 Cache: 0.0s/235KB
(...) AV: 00:07:32 / 00:23:12 (32%) A-V:  0.000 Cache: 0.0s/271KB
(...) AV: 00:07:32 / 00:23:12 (32%) A-V:  0.000 Cache: 0.5s/371KB
(...) AV: 00:07:32 / 00:23:12 (32%) A-V:  0.000 Cache: 1.2s/588KB
AV: 00:07:32 / 00:23:12 (32%) A-V: -0.000 Cache: 1.5s/219KB
AV: 00:07:32 / 00:23:12 (32%) A-V: -0.000 Cache: 2.1s/397KB
AV: 00:07:32 / 00:23:12 (32%) A-V: -0.000 Cache: 2.7s/584KB
AV: 00:07:32 / 00:23:12 (33%) A-V: -0.000 Cache: 3.0s/662KB
AV: 00:07:32 / 00:23:12 (33%) A-V: -0.000 Cache: 3.0s/659KB
AV: 00:07:32 / 00:23:12 (33%) A-V:  0.000 Cache: 2.9s/652KB
AV: 00:07:32 / 00:23:12 (33%) A-V:  0.000 Cache: 2.9s/648KB
AV: 00:07:32 / 00:23:12 (33%) A-V:  0.000 Cache: 4.7s/1MB
AV: 00:07:32 / 00:23:12 (33%) A-V:  0.000 Cache: 5.6s/1MB
AV: 00:07:32 / 00:23:12 (33%) A-V:  0.000 Cache: 6.3s/1MB
AV: 00:07:32 / 00:23:12 (33%) A-V:  0.000 Cache: 6.9s/1MB
AV: 00:07:33 / 00:23:12 (33%) A-V:  0.000 Cache: 7.3s/1MB
AV: 00:07:33 / 00:23:12 (33%) A-V:  0.000 Cache: 9.2s/2MB
AV: 00:07:33 / 00:23:12 (33%) A-V:  0.000 Cache: 9.7s/2MB
AV: 00:07:33 / 00:23:12 (33%) A-V:  0.000 Cache: 10s/2MB
Exiting... (Quit)
